<?xml version="1.0" encoding="UTF-8" ?>
<testsuite errors="0" failures="0" hostname="MacBook-Air-m1-de-Mateo.local" name="ec.edu.espe.model.PayRoleCalculateTest" skipped="0" tests="5" time="0.567" timestamp="2022-02-14T17:57:29">
  <properties>
[...]
</properties>
  <testcase classname="ec.edu.espe.model.PayRoleCalculateTest" name="testNetsalary" time="0.001" />
  <testcase classname="ec.edu.espe.model.PayRoleCalculateTest" name="testBonus" time="0.0" />
  <testcase classname="ec.edu.espe.model.PayRoleCalculateTest" name="testBasicsalary" time="0.0" />
  <testcase classname="ec.edu.espe.model.PayRoleCalculateTest" name="testGrosssalary" time="0.001" />
  <testcase classname="ec.edu.espe.model.PayRoleCalculateTest" name="testDiscount" time="0.0" />
  <system-out><![CDATA[netsalary
bonus
basicsalary
grosssalary
discount
]]></system-out>
  <system-err><![CDATA[]]></system-err>
</testsuite>
